<?xml version="1.0" encoding="UTF-8"?>
<testng-results ignored="0" total="1" passed="1" failed="0" skipped="0">
  <reporter-output>
  </reporter-output>
  <suite started-at="2025-02-28T14:58:04 IST" name="Suite" finished-at="2025-02-28T14:58:36 IST" duration-ms="31252">
    <groups>
    </groups>
    <test started-at="2025-02-28T14:58:04 IST" name="Test" finished-at="2025-02-28T14:58:36 IST" duration-ms="31252">
      <class name="Com.ShoppersStack_TestScripts.TC_002_Verify_user_is_able_to_delete_address_or_not_Test">
        <test-method is-config="true" signature="beforeSuite()[pri:0, instance:Com.ShoppersStack_TestScripts.TC_002_Verify_user_is_able_to_delete_address_or_not_Test@6f53b8a]" started-at="2025-02-28T14:58:04 IST" name="beforeSuite" finished-at="2025-02-28T14:58:04 IST" duration-ms="22" status="PASS">
          <reporter-output>
          </reporter-output>
        </test-method> <!-- beforeSuite -->
        <test-method is-config="true" signature="beforeTest()[pri:0, instance:Com.ShoppersStack_TestScripts.TC_002_Verify_user_is_able_to_delete_address_or_not_Test@6f53b8a]" started-at="2025-02-28T14:58:04 IST" name="beforeTest" finished-at="2025-02-28T14:58:05 IST" duration-ms="472" status="PASS">
          <reporter-output>
          </reporter-output>
        </test-method> <!-- beforeTest -->
        <test-method is-config="true" signature="beforeClass()[pri:0, instance:Com.ShoppersStack_TestScripts.TC_002_Verify_user_is_able_to_delete_address_or_not_Test@6f53b8a]" started-at="2025-02-28T14:58:05 IST" name="beforeClass" finished-at="2025-02-28T14:58:10 IST" duration-ms="5486" status="PASS">
          <reporter-output>
          </reporter-output>
        </test-method> <!-- beforeClass -->
        <test-method is-config="true" signature="beforeMethod()[pri:0, instance:Com.ShoppersStack_TestScripts.TC_002_Verify_user_is_able_to_delete_address_or_not_Test@6f53b8a]" started-at="2025-02-28T14:58:10 IST" name="beforeMethod" finished-at="2025-02-28T14:58:20 IST" duration-ms="9414" status="PASS">
          <reporter-output>
          </reporter-output>
        </test-method> <!-- beforeMethod -->
        <test-method signature="deleteAddress()[pri:0, instance:Com.ShoppersStack_TestScripts.TC_002_Verify_user_is_able_to_delete_address_or_not_Test@6f53b8a]" started-at="2025-02-28T14:58:20 IST" name="deleteAddress" finished-at="2025-02-28T14:58:31 IST" duration-ms="10941" status="PASS">
          <reporter-output>
          </reporter-output>
        </test-method> <!-- deleteAddress -->
        <test-method is-config="true" signature="afterMethod()[pri:0, instance:Com.ShoppersStack_TestScripts.TC_002_Verify_user_is_able_to_delete_address_or_not_Test@6f53b8a]" started-at="2025-02-28T14:58:31 IST" name="afterMethod" finished-at="2025-02-28T14:58:32 IST" duration-ms="930" status="PASS">
          <reporter-output>
          </reporter-output>
        </test-method> <!-- afterMethod -->
        <test-method is-config="true" signature="afterClass()[pri:0, instance:Com.ShoppersStack_TestScripts.TC_002_Verify_user_is_able_to_delete_address_or_not_Test@6f53b8a]" started-at="2025-02-28T14:58:32 IST" name="afterClass" finished-at="2025-02-28T14:58:35 IST" duration-ms="3444" status="PASS">
          <reporter-output>
          </reporter-output>
        </test-method> <!-- afterClass -->
        <test-method is-config="true" signature="afterTest()[pri:0, instance:Com.ShoppersStack_TestScripts.TC_002_Verify_user_is_able_to_delete_address_or_not_Test@6f53b8a]" started-at="2025-02-28T14:58:35 IST" name="afterTest" finished-at="2025-02-28T14:58:36 IST" duration-ms="478" status="PASS">
          <reporter-output>
          </reporter-output>
        </test-method> <!-- afterTest -->
        <test-method is-config="true" signature="afterSuite()[pri:0, instance:Com.ShoppersStack_TestScripts.TC_002_Verify_user_is_able_to_delete_address_or_not_Test@6f53b8a]" started-at="2025-02-28T14:58:36 IST" name="afterSuite" finished-at="2025-02-28T14:58:36 IST" duration-ms="1" status="PASS">
          <reporter-output>
          </reporter-output>
        </test-method> <!-- afterSuite -->
      </class> <!-- Com.ShoppersStack_TestScripts.TC_002_Verify_user_is_able_to_delete_address_or_not_Test -->
    </test> <!-- Test -->
  </suite> <!-- Suite -->
</testng-results>
